============================= test session starts ==============================
platform darwin -- Python 3.8.5, pytest-5.3.0, py-1.9.0, pluggy-0.13.1
ansible: 2.9.6
rootdir: /Users/blake.beckeribm.com/Documents/Development/ansible_development/ansible-core/public/ibm_zos_core/tests, inifile: pytest.ini
plugins: ansible-2.2.2, mock-1.12.1
collected 57 items

functional/modules/test_zos_data_set_func.py Loading callback plugin unnamed of type old, v1.0 from /usr/local/lib/python3.8/site-packages/pytest_ansible/module_dispatcher/v28.py
META: ran handlers
Using module_utils file ansible_collections/ibm/ibm_zos_core/plugins/module_utils/better_arg_parser
Using module_utils file ansible_collections/ibm/ibm_zos_core/plugins
Using module_utils file ansible_collections
Using module_utils file ansible_collections/ibm/ibm_zos_core/plugins/module_utils/data_set
Using module_utils file ansible_collections/ibm
Using module_utils file ansible_collections/ibm/ibm_zos_core/plugins/module_utils
Using module_utils file ansible_collections/ibm/ibm_zos_core
Using module_utils file /usr/local/lib/python3.8/site-packages/ansible/module_utils/basic.py
Using module_utils file ansible_collections/ibm/ibm_zos_core/plugins/module_utils/vtoc
Using module_utils file /usr/local/lib/python3.8/site-packages/ansible/module_utils/_text.py
Using module_utils file ansible_collections/ibm/ibm_zos_core/plugins/module_utils/ansible_module
Using module_utils file ansible_collections/ibm/ibm_zos_core/plugins/module_utils/mvs_cmd
Using module_utils file ansible_collections/ibm/ibm_zos_core/plugins/module_utils/import_handler
Using module_utils file /usr/local/lib/python3.8/site-packages/ansible/module_utils/six/__init__.py
Using module_utils file /usr/local/lib/python3.8/site-packages/ansible/module_utils/parsing/__init__.py
Using module_utils file /usr/local/lib/python3.8/site-packages/ansible/module_utils/common/file.py
Using module_utils file /usr/local/lib/python3.8/site-packages/ansible/module_utils/common/_json_compat.py
Using module_utils file /usr/local/lib/python3.8/site-packages/ansible/module_utils/parsing/convert_bool.py
Using module_utils file /usr/local/lib/python3.8/site-packages/ansible/module_utils/common/text/__init__.py
Using module_utils file /usr/local/lib/python3.8/site-packages/ansible/module_utils/common/__init__.py
Using module_utils file /usr/local/lib/python3.8/site-packages/ansible/module_utils/common/_utils.py
Using module_utils file /usr/local/lib/python3.8/site-packages/ansible/module_utils/pycompat24.py
Using module_utils file /usr/local/lib/python3.8/site-packages/ansible/module_utils/common/process.py
Using module_utils file /usr/local/lib/python3.8/site-packages/ansible/module_utils/common/parameters.py
Using module_utils file /usr/local/lib/python3.8/site-packages/ansible/module_utils/common/_collections_compat.py
Using module_utils file /usr/local/lib/python3.8/site-packages/ansible/module_utils/common/text/converters.py
Using module_utils file /usr/local/lib/python3.8/site-packages/ansible/module_utils/common/text/formatters.py
Using module_utils file /usr/local/lib/python3.8/site-packages/ansible/module_utils/common/validation.py
Using module_utils file /usr/local/lib/python3.8/site-packages/ansible/module_utils/common/sys_info.py
Using module_utils file /usr/local/lib/python3.8/site-packages/ansible/module_utils/common/collections.py
Using module_utils file /usr/local/lib/python3.8/site-packages/ansible/module_utils/distro/__init__.py
Using module_utils file /usr/local/lib/python3.8/site-packages/ansible/module_utils/distro/_distro.py
Using module file /Users/blake.beckeribm.com/Documents/Development/ansible_development/ansible-core/public/ibm_zos_core/plugins/modules/zos_data_set.py
Pipelining is enabled.
<ec33012a.vmec.svl.ibm.com> ESTABLISH SSH CONNECTION FOR USER: omvsadm
<ec33012a.vmec.svl.ibm.com> SSH: ansible.cfg set ssh_args: (-C)(-o)(ControlMaster=auto)(-o)(ControlPersist=60s)
<ec33012a.vmec.svl.ibm.com> SSH: ansible_password/ansible_ssh_password not set: (-o)(KbdInteractiveAuthentication=no)(-o)(PreferredAuthentications=gssapi-with-mic,gssapi-keyex,hostbased,publickey)(-o)(PasswordAuthentication=no)
<ec33012a.vmec.svl.ibm.com> SSH: ANSIBLE_REMOTE_USER/remote_user/ansible_user/user/-u set: (-o)(User="omvsadm")
<ec33012a.vmec.svl.ibm.com> SSH: ANSIBLE_TIMEOUT/timeout set: (-o)(ConnectTimeout=10)
<ec33012a.vmec.svl.ibm.com> SSH: PlayContext set ssh_common_args: ()
<ec33012a.vmec.svl.ibm.com> SSH: PlayContext set ssh_extra_args: ()
<ec33012a.vmec.svl.ibm.com> SSH: found only ControlPersist; added ControlPath: (-o)(ControlPath=/Users/blake.beckeribm.com/.ansible/cp/4ea700d856)
<ec33012a.vmec.svl.ibm.com> SSH: EXEC ssh -vvv -C -o ControlMaster=auto -o ControlPersist=60s -o KbdInteractiveAuthentication=no -o PreferredAuthentications=gssapi-with-mic,gssapi-keyex,hostbased,publickey -o PasswordAuthentication=no -o 'User="omvsadm"' -o ConnectTimeout=10 -o ControlPath=/Users/blake.beckeribm.com/.ansible/cp/4ea700d856 ec33012a.vmec.svl.ibm.com '/bin/sh -c '"'"'export _BPXK_AUTOCVT=ON ; export _CEE_RUNOPTS='"'"'"'"'"'"'"'"'FILETAG(AUTOCVT,AUTOTAG) POSIX(ON)'"'"'"'"'"'"'"'"' ; export _TAG_REDIR_ERR=txt ; export _TAG_REDIR_IN=txt ; export _TAG_REDIR_OUT=txt ; export LANG=C ; export ZOAU_ROOT=/u/omvsadm/mvsutil ; export ZOAU_HOME=/u/omvsadm/mvsutil ; export LIBPATH=/u/omvsadm/mvsutil/lib:/u/oeusr01/usr/lpp/IBM/cyp/v3r8/pyz/lib:/lib:/usr/lib:. ; export ZOAUTIL_DIR=/u/omvsadm/mvsutil ; export PYTHONPATH=/u/omvsadm/mvsutil/lib ; export PATH=/u/omvsadm/mvsutil/bin:/u/oeusr01/usr/lpp/IBM/cyp/v3r8/pyz/bin:/bin:/usr/sbin:/var/bin:/usr/lpp/java/J8.0/bin ; /u/oeusr01/usr/lpp/IBM/cyp/v3r8/pyz/bin/python3 && sleep 0'"'"''
Loading callback plugin unnamed of type old, v1.0 from /usr/local/lib/python3.8/site-packages/pytest_ansible/module_dispatcher/v28.py
META: ran handlers
Using module_utils file /usr/local/lib/python3.8/site-packages/ansible/module_utils/basic.py
Using module_utils file /usr/local/lib/python3.8/site-packages/ansible/module_utils/common/__init__.py
Using module_utils file /usr/local/lib/python3.8/site-packages/ansible/module_utils/_text.py
Using module_utils file /usr/local/lib/python3.8/site-packages/ansible/module_utils/common/collections.py
Using module_utils file /usr/local/lib/python3.8/site-packages/ansible/module_utils/six/__init__.py
Using module_utils file /usr/local/lib/python3.8/site-packages/ansible/module_utils/parsing/__init__.py
Using module_utils file /usr/local/lib/python3.8/site-packages/ansible/module_utils/common/file.py
Using module_utils file /usr/local/lib/python3.8/site-packages/ansible/module_utils/common/_json_compat.py
Using module_utils file /usr/local/lib/python3.8/site-packages/ansible/module_utils/parsing/convert_bool.py
Using module_utils file /usr/local/lib/python3.8/site-packages/ansible/module_utils/common/text/__init__.py
Using module_utils file /usr/local/lib/python3.8/site-packages/ansible/module_utils/common/_utils.py
Using module_utils file /usr/local/lib/python3.8/site-packages/ansible/module_utils/pycompat24.py
Using module_utils file /usr/local/lib/python3.8/site-packages/ansible/module_utils/common/process.py
Using module_utils file /usr/local/lib/python3.8/site-packages/ansible/module_utils/common/parameters.py
Using module_utils file /usr/local/lib/python3.8/site-packages/ansible/module_utils/common/_collections_compat.py
Using module_utils file /usr/local/lib/python3.8/site-packages/ansible/module_utils/common/text/converters.py
Using module_utils file /usr/local/lib/python3.8/site-packages/ansible/module_utils/common/text/formatters.py
Using module_utils file /usr/local/lib/python3.8/site-packages/ansible/module_utils/common/validation.py
Using module_utils file /usr/local/lib/python3.8/site-packages/ansible/module_utils/common/sys_info.py
Using module_utils file /usr/local/lib/python3.8/site-packages/ansible/module_utils/distro/__init__.py
Using module_utils file /usr/local/lib/python3.8/site-packages/ansible/module_utils/distro/_distro.py
Using module file /usr/local/lib/python3.8/site-packages/ansible/modules/commands/command.py
Pipelining is enabled.
<ec33012a.vmec.svl.ibm.com> ESTABLISH SSH CONNECTION FOR USER: omvsadm
<ec33012a.vmec.svl.ibm.com> SSH: ansible.cfg set ssh_args: (-C)(-o)(ControlMaster=auto)(-o)(ControlPersist=60s)
<ec33012a.vmec.svl.ibm.com> SSH: ansible_password/ansible_ssh_password not set: (-o)(KbdInteractiveAuthentication=no)(-o)(PreferredAuthentications=gssapi-with-mic,gssapi-keyex,hostbased,publickey)(-o)(PasswordAuthentication=no)
<ec33012a.vmec.svl.ibm.com> SSH: ANSIBLE_REMOTE_USER/remote_user/ansible_user/user/-u set: (-o)(User="omvsadm")
<ec33012a.vmec.svl.ibm.com> SSH: ANSIBLE_TIMEOUT/timeout set: (-o)(ConnectTimeout=10)
<ec33012a.vmec.svl.ibm.com> SSH: PlayContext set ssh_common_args: ()
<ec33012a.vmec.svl.ibm.com> SSH: PlayContext set ssh_extra_args: ()
<ec33012a.vmec.svl.ibm.com> SSH: found only ControlPersist; added ControlPath: (-o)(ControlPath=/Users/blake.beckeribm.com/.ansible/cp/4ea700d856)
<ec33012a.vmec.svl.ibm.com> SSH: EXEC ssh -vvv -C -o ControlMaster=auto -o ControlPersist=60s -o KbdInteractiveAuthentication=no -o PreferredAuthentications=gssapi-with-mic,gssapi-keyex,hostbased,publickey -o PasswordAuthentication=no -o 'User="omvsadm"' -o ConnectTimeout=10 -o ControlPath=/Users/blake.beckeribm.com/.ansible/cp/4ea700d856 ec33012a.vmec.svl.ibm.com '/bin/sh -c '"'"'export _BPXK_AUTOCVT=ON ; export _CEE_RUNOPTS='"'"'"'"'"'"'"'"'FILETAG(AUTOCVT,AUTOTAG) POSIX(ON)'"'"'"'"'"'"'"'"' ; export _TAG_REDIR_ERR=txt ; export _TAG_REDIR_IN=txt ; export _TAG_REDIR_OUT=txt ; export LANG=C ; export ZOAU_ROOT=/u/omvsadm/mvsutil ; export ZOAU_HOME=/u/omvsadm/mvsutil ; export LIBPATH=/u/omvsadm/mvsutil/lib:/u/oeusr01/usr/lpp/IBM/cyp/v3r8/pyz/lib:/lib:/usr/lib:. ; export ZOAUTIL_DIR=/u/omvsadm/mvsutil ; export PYTHONPATH=/u/omvsadm/mvsutil/lib ; export PATH=/u/omvsadm/mvsutil/bin:/u/oeusr01/usr/lpp/IBM/cyp/v3r8/pyz/bin:/bin:/usr/sbin:/var/bin:/usr/lpp/java/J8.0/bin ; /u/oeusr01/usr/lpp/IBM/cyp/v3r8/pyz/bin/python3 && sleep 0'"'"''

!!!!!!!!!!!!!!!!!!!!!!!!!!!!!! KeyboardInterrupt !!!!!!!!!!!!!!!!!!!!!!!!!!!!!!!
/usr/local/lib/python3.8/site-packages/ansible/plugins/strategy/__init__.py:731: KeyboardInterrupt
(to show a full traceback on KeyboardInterrupt use --full-trace)
